Arguments: 
  /home/bbrooks/.nvm/versions/node/v16.15.0/bin/node /home/bbrooks/.node/corepack/yarn/1.22.15/bin/yarn.js install

PATH: 
  /home/bbrooks/.nvm/versions/node/v16.15.0/bin:/home/bbrooks/bin:/usr/local/bin:/home/bbrooks/.local/:/home/bbrooks/.local/bin:/usr/local/sbin:/usr/local/bin:/usr/sbin:/usr/bin:/sbin:/bin:/usr/games:/usr/local/games:/mnt/c/WINDOWS/system32:/mnt/c/WINDOWS:/mnt/c/WINDOWS/System32/Wbem:/mnt/c/WINDOWS/System32/WindowsPowerShell/v1.0/:/mnt/c/WINDOWS/System32/OpenSSH/:/mnt/c/Program Files/Docker/Docker/resources/bin:/mnt/c/ProgramData/DockerDesktop/version-bin:/mnt/c/Program Files/Git/cmd:/mnt/c/Users/BillBrooks/AppData/Local/Microsoft/WindowsApps:/mnt/c/Users/BillBrooks/AppData/Local/hyper/app-3.0.2/resources/bin:/mnt/c/Users/BillBrooks/AppData/Local/Programs/Microsoft VS Code/bin:/mnt/c/Users/BillBrooks/AppData/Local/Keybase/

Yarn version: 
  1.22.15

Node version: 
  16.15.0

Platform: 
  linux x64

Trace: 
  Error: https://registry.yarnpkg.com/@cms-eapd%2fapi: Not found
      at Request.params.callback [as _callback] (/home/bbrooks/.node/corepack/yarn/1.22.15/lib/cli.js:66140:18)
      at Request.self.callback (/home/bbrooks/.node/corepack/yarn/1.22.15/lib/cli.js:140885:22)
      at Request.emit (node:events:527:28)
      at Request.<anonymous> (/home/bbrooks/.node/corepack/yarn/1.22.15/lib/cli.js:141857:10)
      at Request.emit (node:events:527:28)
      at IncomingMessage.<anonymous> (/home/bbrooks/.node/corepack/yarn/1.22.15/lib/cli.js:141779:12)
      at Object.onceWrapper (node:events:641:28)
      at IncomingMessage.emit (node:events:539:35)
      at endReadableNT (node:internal/streams/readable:1345:12)
      at processTicksAndRejections (node:internal/process/task_queues:83:21)

npm manifest: 
  {
    "name": "@cms-eapd/e2e",
    "version": "0.0.1",
    "description": "Cypress tests for the EAPD tool",
    "main": "index.js",
    "scripts": {
      "lint": "eslint 'cypress/**/*.js'",
      "audit": "npx audit-ci --config ./audit-ci.json",
      "cy:open": "./cypress-setup.sh open --config numTestsKeptInMemory=50",
      "cy:run": "./cypress-setup.sh run",
      "cy:run:ci": "cypress run -C cypress.json --headless --browser chrome "
    },
    "repository": {
      "type": "git",
      "url": "git+https://github.com/CMSgov/eAPD.git"
    },
    "author": "",
    "license": "CC0-1.0",
    "engines": {
      "node": "16.15.0"
    },
    "dependencies": {
      "@foreachbe/cypress-tinymce": "1.0.0",
      "react": "17.0.2",
      "tinymce": "5.10.3",
      "@cms-eapd/api": "^0.0.1"
    },
    "devDependencies": {
      "@babel/eslint-parser": "7.17.0",
      "@cypress/browserify-preprocessor": "3.0.2",
      "@testing-library/cypress": "8.0.2",
      "axios": "0.25.0",
      "cypress": "9.6.1",
      "cypress-audit": "1.1.0",
      "cypress-grep": "2.13.1",
      "cypress-react-selector": "2.3.17",
      "cypress-recurse": "1.20.0",
      "cypress-timings": "1.0.0",
      "eslint": "8.14.0",
      "eslint-config-airbnb": "19.0.4",
      "eslint-config-prettier": "8.5.0",
      "eslint-plugin-cypress": "2.12.1",
      "eslint-plugin-import": "2.26.0",
      "eslint-plugin-jsx-a11y": "6.5.1",
      "eslint-plugin-react": "7.29.4",
      "eslint-plugin-react-hooks": "4.3.0"
    },
    "jest": {
      "setupFiles": [
        "./polyfills.test.js"
      ],
      "globals": {
        "window": true,
        "utag": true
      }
    }
  }

yarn manifest: 
  No manifest

Lockfile: 
  No lockfile
